<?xml version="1.0" encoding="UTF-8"?>
<!-- Generated by org.testng.reporters.JUnitXMLReporter -->
<testsuite ignored="0" hostname="LAPTOP-PF6E4F9M" failures="0" tests="6" name="Regression suite 1" time="99.365" errors="0" timestamp="2023-04-20T00:50:46 ICT">
  <testcase classname="testExcel.TestExcelDelete" name="Login" time="2.66"/>
  <testcase classname="testExcel.TestExcelDelete" name="DeleteTest" time="21.944"/>
  <testcase classname="testExcel.TestExcelLogin" name="LoginTest" time="37.273"/>
  <testcase classname="testExcel.TestExcelSignUp" name="SignTest" time="0.001"/>
  <testcase classname="testExcel.TestExcelUpdate" name="Login" time="2.411"/>
  <testcase classname="testExcel.TestExcelUpdate" name="UpdateTest" time="20.317"/>
</testsuite> <!-- Regression suite 1 -->
