<?xml version="1.0" encoding="UTF-8"?>
<testng-results ignored="0" total="1" passed="1" failed="0" skipped="0">
  <reporter-output>
  </reporter-output>
  <suite started-at="2023-04-20T13:10:19 ICT" name="Default suite" finished-at="2023-04-20T13:11:03 ICT" duration-ms="43995">
    <groups>
    </groups>
    <test started-at="2023-04-20T13:10:19 ICT" name="Default test" finished-at="2023-04-20T13:11:03 ICT" duration-ms="43995">
      <class name="testExcel.TestExcelLogin">
        <test-method is-config="true" signature="suiteTest()[pri:0, instance:testExcel.TestExcelLogin@4a83a74a]" started-at="2023-04-20T13:10:19 ICT" name="suiteTest" finished-at="2023-04-20T13:10:23 ICT" duration-ms="4159" status="PASS">
          <reporter-output>
          </reporter-output>
        </test-method> <!-- suiteTest -->
        <test-method signature="LoginTest()[pri:0, instance:testExcel.TestExcelLogin@4a83a74a]" started-at="2023-04-20T13:10:23 ICT" name="LoginTest" finished-at="2023-04-20T13:11:02 ICT" duration-ms="38724" status="PASS">
          <reporter-output>
          </reporter-output>
        </test-method> <!-- LoginTest -->
        <test-method is-config="true" signature="suiteTearDown()[pri:0, instance:testExcel.TestExcelLogin@4a83a74a]" started-at="2023-04-20T13:11:02 ICT" name="suiteTearDown" finished-at="2023-04-20T13:11:03 ICT" duration-ms="1084" status="PASS">
          <reporter-output>
          </reporter-output>
        </test-method> <!-- suiteTearDown -->
      </class> <!-- testExcel.TestExcelLogin -->
    </test> <!-- Default test -->
  </suite> <!-- Default suite -->
</testng-results>
